<?xml version="1.0" encoding="UTF-8"?>
<coverage generated="1683883714663" clover="3.2.0">
  <project timestamp="1683883714663" name="All files">
    <metrics statements="8" coveredstatements="8" conditionals="6" coveredconditionals="2" methods="3" coveredmethods="1" elements="17" coveredelements="11" complexity="0" loc="8" ncloc="8" packages="1" files="1" classes="1"/>
    <file name="utils.ts" path="/Users/robertorf/Workspace/frontend-monorepo/packages/components/richTextEditor/src/plugins/utils.ts">
      <metrics statements="8" coveredstatements="8" conditionals="6" coveredconditionals="2" methods="3" coveredmethods="1"/>
      <line num="4" count="1" type="cond" truecount="0" falsecount="4"/>
      <line num="6" count="1" type="stmt"/>
      <line num="7" count="12" type="stmt"/>
      <line num="9" count="12" type="cond" truecount="1" falsecount="0"/>
      <line num="10" count="3" type="stmt"/>
      <line num="13" count="9" type="cond" truecount="1" falsecount="0"/>
      <line num="14" count="1" type="stmt"/>
      <line num="17" count="8" type="stmt"/>
    </file>
  </project>
</coverage>
