{"/Users/robertorf/Workspace/frontend-monorepo/packages/components/richTextEditor/src/plugins/utils.ts": {"path":"/Users/robertorf/Workspace/frontend-monorepo/packages/components/richTextEditor/src/plugins/utils.ts","statementMap":{"0":{"start":{"line":4,"column":28},"end":{"line":4,"column":78}},"1":{"start":{"line":4,"column":42},"end":{"line":4,"column":78}},"2":{"start":{"line":4,"column":62},"end":{"line":4,"column":78}},"3":{"start":{"line":4,"column":13},"end":{"line":4,"column":28}},"4":{"start":{"line":6,"column":32},"end":{"line":18,"column":1}},"5":{"start":{"line":7,"column":16},"end":{"line":7,"column":29}},"6":{"start":{"line":9,"column":2},"end":{"line":11,"column":null}},"7":{"start":{"line":10,"column":4},"end":{"line":10,"column":14}},"8":{"start":{"line":13,"column":2},"end":{"line":15,"column":null}},"9":{"start":{"line":14,"column":4},"end":{"line":14,"column":28}},"10":{"start":{"line":17,"column":2},"end":{"line":17,"column":13}},"11":{"start":{"line":6,"column":13},"end":{"line":6,"column":32}}},"fnMap":{"0":{"name":"(anonymous_0)","decl":{"start":{"line":4,"column":28},"end":{"line":4,"column":29}},"loc":{"start":{"line":4,"column":42},"end":{"line":4,"column":78}}},"1":{"name":"(anonymous_1)","decl":{"start":{"line":4,"column":54},"end":{"line":4,"column":58}},"loc":{"start":{"line":4,"column":61},"end":{"line":4,"column":78}}},"2":{"name":"(anonymous_2)","decl":{"start":{"line":6,"column":32},"end":{"line":6,"column":33}},"loc":{"start":{"line":6,"column":56},"end":{"line":18,"column":1}}}},"branchMap":{"0":{"loc":{"start":{"line":4,"column":62},"end":{"line":4,"column":77}},"type":"cond-expr","locations":[{"start":{"line":4,"column":71},"end":{"line":4,"column":75}},{"start":{"line":4,"column":75},"end":{"line":4,"column":77}}]},"1":{"loc":{"start":{"line":4,"column":62},"end":{"line":4,"column":75}},"type":"binary-expr","locations":[{"start":{"line":4,"column":62},"end":{"line":4,"column":75}},{"start":{"line":4,"column":71},"end":{"line":4,"column":75}}]},"2":{"loc":{"start":{"line":9,"column":2},"end":{"line":11,"column":null}},"type":"if","locations":[{"start":{"line":9,"column":2},"end":{"line":11,"column":null}}]},"3":{"loc":{"start":{"line":13,"column":2},"end":{"line":15,"column":null}},"type":"if","locations":[{"start":{"line":13,"column":2},"end":{"line":15,"column":null}}]}},"s":{"0":1,"1":0,"2":0,"3":1,"4":1,"5":12,"6":12,"7":3,"8":9,"9":1,"10":8,"11":1},"f":{"0":0,"1":0,"2":12},"b":{"0":[0,0],"1":[0,0],"2":[3],"3":[1]}}
}
