{"/Users/robertorf/Workspace/frontend-monorepo/packages/utils/src/email.utils.ts": {"path":"/Users/robertorf/Workspace/frontend-monorepo/packages/utils/src/email.utils.ts","statementMap":{"0":{"start":{"line":1,"column":0},"end":{"line":1,"column":55}},"1":{"start":{"line":3,"column":21},"end":{"line":3,"column":36}},"2":{"start":{"line":5,"column":20},"end":{"line":5,"column":48}},"3":{"start":{"line":7,"column":19},"end":{"line":7,"column":29}},"4":{"start":{"line":9,"column":30},"end":{"line":9,"column":36}},"5":{"start":{"line":11,"column":13},"end":{"line":15,"column":2}},"6":{"start":{"line":22,"column":30},"end":{"line":44,"column":1}},"7":{"start":{"line":23,"column":23},"end":{"line":23,"column":34}},"8":{"start":{"line":24,"column":33},"end":{"line":24,"column":43}},"9":{"start":{"line":26,"column":26},"end":{"line":26,"column":50}},"10":{"start":{"line":28,"column":34},"end":{"line":28,"column":36}},"11":{"start":{"line":29,"column":2},"end":{"line":35,"column":5}},"12":{"start":{"line":30,"column":4},"end":{"line":34,"column":null}},"13":{"start":{"line":31,"column":6},"end":{"line":31,"column":30}},"14":{"start":{"line":32,"column":11},"end":{"line":34,"column":null}},"15":{"start":{"line":33,"column":6},"end":{"line":33,"column":26}},"16":{"start":{"line":37,"column":2},"end":{"line":41,"column":5}},"17":{"start":{"line":38,"column":4},"end":{"line":40,"column":null}},"18":{"start":{"line":39,"column":6},"end":{"line":39,"column":35}},"19":{"start":{"line":43,"column":2},"end":{"line":43,"column":50}},"20":{"start":{"line":22,"column":13},"end":{"line":22,"column":30}},"21":{"start":{"line":46,"column":35},"end":{"line":56,"column":1}},"22":{"start":{"line":47,"column":28},"end":{"line":47,"column":68}},"23":{"start":{"line":48,"column":21},"end":{"line":50,"column":23}},"24":{"start":{"line":51,"column":2},"end":{"line":55,"column":26}},"25":{"start":{"line":46,"column":13},"end":{"line":46,"column":35}},"26":{"start":{"line":58,"column":33},"end":{"line":61,"column":1}},"27":{"start":{"line":59,"column":20},"end":{"line":59,"column":59}},"28":{"start":{"line":60,"column":2},"end":{"line":60,"column":46}},"29":{"start":{"line":63,"column":20},"end":{"line":68,"column":2}},"30":{"start":{"line":71,"column":13},"end":{"line":71,"column":18}},"31":{"start":{"line":72,"column":2},"end":{"line":74,"column":null}},"32":{"start":{"line":73,"column":4},"end":{"line":73,"column":79}},"33":{"start":{"line":73,"column":47},"end":{"line":73,"column":70}},"34":{"start":{"line":75,"column":2},"end":{"line":75,"column":14}},"35":{"start":{"line":70,"column":0},"end":{"line":70,"column":16}},"36":{"start":{"line":78,"column":31},"end":{"line":93,"column":1}},"37":{"start":{"line":79,"column":21},"end":{"line":79,"column":63}},"38":{"start":{"line":80,"column":24},"end":{"line":80,"column":70}},"39":{"start":{"line":82,"column":2},"end":{"line":86,"column":null}},"40":{"start":{"line":83,"column":4},"end":{"line":85,"column":46}},"41":{"start":{"line":87,"column":2},"end":{"line":91,"column":null}},"42":{"start":{"line":88,"column":4},"end":{"line":90,"column":51}},"43":{"start":{"line":92,"column":2},"end":{"line":92,"column":99}},"44":{"start":{"line":78,"column":13},"end":{"line":78,"column":31}},"45":{"start":{"line":95,"column":13},"end":{"line":98,"column":3}},"46":{"start":{"line":100,"column":0},"end":{"line":100,"column":null}},"47":{"start":{"line":101,"column":2},"end":{"line":101,"column":null}},"48":{"start":{"line":102,"column":2},"end":{"line":102,"column":null}},"49":{"start":{"line":103,"column":2},"end":{"line":103,"column":null}}},"fnMap":{"0":{"name":"(anonymous_0)","decl":{"start":{"line":22,"column":30},"end":{"line":22,"column":31}},"loc":{"start":{"line":22,"column":55},"end":{"line":44,"column":1}}},"1":{"name":"(anonymous_1)","decl":{"start":{"line":29,"column":27},"end":{"line":29,"column":30}},"loc":{"start":{"line":29,"column":33},"end":{"line":35,"column":3}}},"2":{"name":"(anonymous_2)","decl":{"start":{"line":37,"column":27},"end":{"line":37,"column":30}},"loc":{"start":{"line":37,"column":33},"end":{"line":41,"column":3}}},"3":{"name":"(anonymous_3)","decl":{"start":{"line":46,"column":35},"end":{"line":46,"column":36}},"loc":{"start":{"line":46,"column":65},"end":{"line":56,"column":1}}},"4":{"name":"(anonymous_4)","decl":{"start":{"line":58,"column":33},"end":{"line":58,"column":34}},"loc":{"start":{"line":58,"column":63},"end":{"line":61,"column":1}}},"5":{"name":"parseEmailPixels","decl":{"start":{"line":70,"column":16},"end":{"line":70,"column":32}},"loc":{"start":{"line":70,"column":46},"end":{"line":76,"column":1}}},"6":{"name":"(anonymous_6)","decl":{"start":{"line":73,"column":30},"end":{"line":73,"column":31}},"loc":{"start":{"line":73,"column":47},"end":{"line":73,"column":70}}},"7":{"name":"(anonymous_7)","decl":{"start":{"line":78,"column":31},"end":{"line":78,"column":32}},"loc":{"start":{"line":78,"column":68},"end":{"line":93,"column":1}}},"8":{"name":"(anonymous_8)","decl":{"start":{"line":100,"column":0},"end":{"line":100,"column":12}},"loc":{"start":{"line":100,"column":26},"end":{"line":104,"column":1}}}},"branchMap":{"0":{"loc":{"start":{"line":29,"column":2},"end":{"line":35,"column":4}},"type":"cond-expr","locations":[{"start":{"line":29,"column":17},"end":{"line":29,"column":19}},{"start":{"line":29,"column":2},"end":{"line":35,"column":4}}]},"1":{"loc":{"start":{"line":29,"column":2},"end":{"line":29,"column":19}},"type":"binary-expr","locations":[{"start":{"line":29,"column":2},"end":{"line":29,"column":19}},{"start":{"line":29,"column":2},"end":{"line":29,"column":19}}]},"2":{"loc":{"start":{"line":30,"column":4},"end":{"line":34,"column":null}},"type":"if","locations":[{"start":{"line":30,"column":4},"end":{"line":34,"column":null}},{"start":{"line":32,"column":11},"end":{"line":34,"column":null}}]},"3":{"loc":{"start":{"line":32,"column":11},"end":{"line":34,"column":null}},"type":"if","locations":[{"start":{"line":32,"column":11},"end":{"line":34,"column":null}}]},"4":{"loc":{"start":{"line":32,"column":15},"end":{"line":32,"column":56}},"type":"binary-expr","locations":[{"start":{"line":32,"column":15},"end":{"line":32,"column":28}},{"start":{"line":32,"column":32},"end":{"line":32,"column":56}}]},"5":{"loc":{"start":{"line":37,"column":2},"end":{"line":41,"column":4}},"type":"cond-expr","locations":[{"start":{"line":37,"column":17},"end":{"line":37,"column":19}},{"start":{"line":37,"column":2},"end":{"line":41,"column":4}}]},"6":{"loc":{"start":{"line":37,"column":2},"end":{"line":37,"column":19}},"type":"binary-expr","locations":[{"start":{"line":37,"column":2},"end":{"line":37,"column":19}},{"start":{"line":37,"column":2},"end":{"line":37,"column":19}}]},"7":{"loc":{"start":{"line":38,"column":4},"end":{"line":40,"column":null}},"type":"if","locations":[{"start":{"line":38,"column":4},"end":{"line":40,"column":null}}]},"8":{"loc":{"start":{"line":46,"column":42},"end":{"line":46,"column":61}},"type":"default-arg","locations":[{"start":{"line":46,"column":57},"end":{"line":46,"column":61}}]},"9":{"loc":{"start":{"line":47,"column":28},"end":{"line":47,"column":68}},"type":"cond-expr","locations":[{"start":{"line":47,"column":43},"end":{"line":47,"column":61}},{"start":{"line":47,"column":64},"end":{"line":47,"column":68}}]},"10":{"loc":{"start":{"line":48,"column":21},"end":{"line":50,"column":23}},"type":"cond-expr","locations":[{"start":{"line":49,"column":6},"end":{"line":49,"column":51}},{"start":{"line":50,"column":6},"end":{"line":50,"column":23}}]},"11":{"loc":{"start":{"line":49,"column":6},"end":{"line":49,"column":51}},"type":"cond-expr","locations":[{"start":{"line":49,"column":23},"end":{"line":49,"column":25}},{"start":{"line":49,"column":6},"end":{"line":49,"column":51}}]},"12":{"loc":{"start":{"line":49,"column":6},"end":{"line":49,"column":25}},"type":"binary-expr","locations":[{"start":{"line":49,"column":6},"end":{"line":49,"column":25}},{"start":{"line":49,"column":6},"end":{"line":49,"column":25}}]},"13":{"loc":{"start":{"line":51,"column":9},"end":{"line":55,"column":25}},"type":"cond-expr","locations":[{"start":{"line":53,"column":31},"end":{"line":53,"column":null}},{"start":{"line":53,"column":31},"end":{"line":55,"column":25}}]},"14":{"loc":{"start":{"line":51,"column":9},"end":{"line":53,"column":null}},"type":"binary-expr","locations":[{"start":{"line":51,"column":9},"end":{"line":53,"column":null}},{"start":{"line":53,"column":31},"end":{"line":53,"column":null}}]},"15":{"loc":{"start":{"line":51,"column":9},"end":{"line":53,"column":31}},"type":"cond-expr","locations":[{"start":{"line":52,"column":31},"end":{"line":52,"column":null}},{"start":{"line":52,"column":31},"end":{"line":53,"column":31}}]},"16":{"loc":{"start":{"line":51,"column":9},"end":{"line":52,"column":null}},"type":"binary-expr","locations":[{"start":{"line":51,"column":9},"end":{"line":52,"column":null}},{"start":{"line":52,"column":31},"end":{"line":52,"column":null}}]},"17":{"loc":{"start":{"line":51,"column":9},"end":{"line":52,"column":31}},"type":"cond-expr","locations":[{"start":{"line":51,"column":19},"end":{"line":51,"column":null}},{"start":{"line":51,"column":9},"end":{"line":52,"column":31}}]},"18":{"loc":{"start":{"line":51,"column":9},"end":{"line":51,"column":null}},"type":"binary-expr","locations":[{"start":{"line":51,"column":9},"end":{"line":51,"column":null}},{"start":{"line":51,"column":9},"end":{"line":51,"column":null}}]},"19":{"loc":{"start":{"line":58,"column":40},"end":{"line":58,"column":59}},"type":"default-arg","locations":[{"start":{"line":58,"column":55},"end":{"line":58,"column":59}}]},"20":{"loc":{"start":{"line":72,"column":2},"end":{"line":74,"column":null}},"type":"if","locations":[{"start":{"line":72,"column":2},"end":{"line":74,"column":null}}]},"21":{"loc":{"start":{"line":79,"column":46},"end":{"line":79,"column":56}},"type":"binary-expr","locations":[{"start":{"line":79,"column":46},"end":{"line":79,"column":50}},{"start":{"line":79,"column":54},"end":{"line":79,"column":56}}]},"22":{"loc":{"start":{"line":80,"column":49},"end":{"line":80,"column":62}},"type":"binary-expr","locations":[{"start":{"line":80,"column":49},"end":{"line":80,"column":56}},{"start":{"line":80,"column":60},"end":{"line":80,"column":62}}]},"23":{"loc":{"start":{"line":82,"column":2},"end":{"line":86,"column":null}},"type":"if","locations":[{"start":{"line":82,"column":2},"end":{"line":86,"column":null}}]},"24":{"loc":{"start":{"line":84,"column":6},"end":{"line":84,"column":null}},"type":"binary-expr","locations":[{"start":{"line":84,"column":6},"end":{"line":84,"column":33}},{"start":{"line":84,"column":37},"end":{"line":84,"column":null}}]},"25":{"loc":{"start":{"line":87,"column":2},"end":{"line":91,"column":null}},"type":"if","locations":[{"start":{"line":87,"column":2},"end":{"line":91,"column":null}}]},"26":{"loc":{"start":{"line":89,"column":6},"end":{"line":89,"column":null}},"type":"binary-expr","locations":[{"start":{"line":89,"column":6},"end":{"line":89,"column":13}},{"start":{"line":89,"column":17},"end":{"line":89,"column":null}}]},"27":{"loc":{"start":{"line":92,"column":19},"end":{"line":92,"column":52}},"type":"binary-expr","locations":[{"start":{"line":92,"column":19},"end":{"line":92,"column":46}},{"start":{"line":92,"column":50},"end":{"line":92,"column":52}}]},"28":{"loc":{"start":{"line":100,"column":12},"end":{"line":100,"column":null}},"type":"binary-expr","locations":[{"start":{"line":100,"column":12},"end":{"line":100,"column":26}},{"start":{"line":100,"column":12},"end":{"line":100,"column":null}}]}},"s":{"0":1,"1":1,"2":1,"3":1,"4":1,"5":1,"6":1,"7":12,"8":12,"9":12,"10":11,"11":11,"12":200048,"13":0,"14":200048,"15":0,"16":11,"17":200048,"18":200048,"19":11,"20":1,"21":1,"22":4,"23":4,"24":4,"25":1,"26":1,"27":0,"28":0,"29":1,"30":6,"31":6,"32":5,"33":20,"34":6,"35":1,"36":1,"37":0,"38":0,"39":0,"40":0,"41":0,"42":0,"43":0,"44":1,"45":1,"46":1,"47":1,"48":1,"49":1},"f":{"0":12,"1":200048,"2":200048,"3":4,"4":0,"5":6,"6":20,"7":0,"8":1},"b":{"0":[2,9],"1":[11,9],"2":[0,200048],"3":[0],"4":[200048,0],"5":[2,9],"6":[11,9],"7":[200048],"8":[3],"9":[1,3],"10":[3,1],"11":[0,3],"12":[3,3],"13":[0,4],"14":[4,4],"15":[0,4],"16":[4,4],"17":[0,4],"18":[4,4],"19":[0],"20":[5],"21":[0,0],"22":[0,0],"23":[0],"24":[0,0],"25":[0],"26":[0,0],"27":[0,0],"28":[1,1]}}
,"/Users/robertorf/Workspace/frontend-monorepo/packages/utils/src/strings.utils.ts": {"path":"/Users/robertorf/Workspace/frontend-monorepo/packages/utils/src/strings.utils.ts","statementMap":{"0":{"start":{"line":1,"column":0},"end":{"line":1,"column":57}},"1":{"start":{"line":3,"column":24},"end":{"line":15,"column":1}},"2":{"start":{"line":4,"column":2},"end":{"line":13,"column":null}},"3":{"start":{"line":5,"column":19},"end":{"line":5,"column":44}},"4":{"start":{"line":6,"column":4},"end":{"line":12,"column":null}},"5":{"start":{"line":8,"column":8},"end":{"line":8,"column":43}},"6":{"start":{"line":11,"column":8},"end":{"line":11,"column":45}},"7":{"start":{"line":14,"column":2},"end":{"line":14,"column":13}},"8":{"start":{"line":3,"column":13},"end":{"line":3,"column":24}},"9":{"start":{"line":17,"column":33},"end":{"line":20,"column":1}},"10":{"start":{"line":18,"column":26},"end":{"line":18,"column":49}},"11":{"start":{"line":19,"column":2},"end":{"line":19,"column":35}},"12":{"start":{"line":17,"column":13},"end":{"line":17,"column":33}},"13":{"start":{"line":22,"column":35},"end":{"line":25,"column":1}},"14":{"start":{"line":23,"column":15},"end":{"line":23,"column":26}},"15":{"start":{"line":24,"column":2},"end":{"line":24,"column":43}},"16":{"start":{"line":22,"column":13},"end":{"line":22,"column":35}},"17":{"start":{"line":27,"column":33},"end":{"line":31,"column":1}},"18":{"start":{"line":28,"column":18},"end":{"line":28,"column":31}},"19":{"start":{"line":29,"column":26},"end":{"line":29,"column":44}},"20":{"start":{"line":30,"column":2},"end":{"line":30,"column":38}},"21":{"start":{"line":27,"column":13},"end":{"line":27,"column":33}},"22":{"start":{"line":33,"column":13},"end":{"line":33,"column":37}},"23":{"start":{"line":35,"column":37},"end":{"line":40,"column":1}},"24":{"start":{"line":36,"column":2},"end":{"line":38,"column":null}},"25":{"start":{"line":37,"column":4},"end":{"line":37,"column":14}},"26":{"start":{"line":39,"column":2},"end":{"line":39,"column":67}},"27":{"start":{"line":39,"column":50},"end":{"line":39,"column":65}},"28":{"start":{"line":35,"column":13},"end":{"line":35,"column":37}},"29":{"start":{"line":42,"column":30},"end":{"line":47,"column":1}},"30":{"start":{"line":43,"column":2},"end":{"line":45,"column":null}},"31":{"start":{"line":44,"column":4},"end":{"line":44,"column":14}},"32":{"start":{"line":46,"column":2},"end":{"line":46,"column":54}},"33":{"start":{"line":42,"column":13},"end":{"line":42,"column":30}},"34":{"start":{"line":49,"column":27},"end":{"line":54,"column":1}},"35":{"start":{"line":50,"column":2},"end":{"line":52,"column":null}},"36":{"start":{"line":51,"column":4},"end":{"line":51,"column":14}},"37":{"start":{"line":53,"column":2},"end":{"line":53,"column":35}},"38":{"start":{"line":49,"column":13},"end":{"line":49,"column":27}},"39":{"start":{"line":56,"column":22},"end":{"line":59,"column":1}},"40":{"start":{"line":57,"column":16},"end":{"line":57,"column":39}},"41":{"start":{"line":58,"column":2},"end":{"line":58,"column":25}},"42":{"start":{"line":56,"column":13},"end":{"line":56,"column":22}},"43":{"start":{"line":61,"column":28},"end":{"line":65,"column":1}},"44":{"start":{"line":62,"column":14},"end":{"line":62,"column":43}},"45":{"start":{"line":63,"column":2},"end":{"line":63,"column":22}},"46":{"start":{"line":64,"column":2},"end":{"line":64,"column":13}},"47":{"start":{"line":61,"column":13},"end":{"line":61,"column":28}},"48":{"start":{"line":67,"column":28},"end":{"line":71,"column":1}},"49":{"start":{"line":68,"column":14},"end":{"line":68,"column":48}},"50":{"start":{"line":69,"column":2},"end":{"line":69,"column":23}},"51":{"start":{"line":70,"column":2},"end":{"line":70,"column":19}},"52":{"start":{"line":67,"column":13},"end":{"line":67,"column":28}},"53":{"start":{"line":73,"column":30},"end":{"line":74,"column":67}},"54":{"start":{"line":74,"column":2},"end":{"line":74,"column":67}},"55":{"start":{"line":73,"column":13},"end":{"line":73,"column":30}},"56":{"start":{"line":76,"column":32},"end":{"line":94,"column":1}},"57":{"start":{"line":77,"column":16},"end":{"line":77,"column":39}},"58":{"start":{"line":79,"column":2},"end":{"line":81,"column":null}},"59":{"start":{"line":80,"column":4},"end":{"line":80,"column":16}},"60":{"start":{"line":83,"column":2},"end":{"line":85,"column":null}},"61":{"start":{"line":84,"column":4},"end":{"line":84,"column":16}},"62":{"start":{"line":87,"column":2},"end":{"line":93,"column":9}},"63":{"start":{"line":88,"column":4},"end":{"line":90,"column":null}},"64":{"start":{"line":89,"column":6},"end":{"line":89,"column":23}},"65":{"start":{"line":92,"column":4},"end":{"line":92,"column":51}},"66":{"start":{"line":76,"column":13},"end":{"line":76,"column":32}},"67":{"start":{"line":96,"column":37},"end":{"line":100,"column":1}},"68":{"start":{"line":97,"column":19},"end":{"line":97,"column":43}},"69":{"start":{"line":98,"column":12},"end":{"line":98,"column":24}},"70":{"start":{"line":99,"column":2},"end":{"line":99,"column":74}},"71":{"start":{"line":96,"column":13},"end":{"line":96,"column":37}},"72":{"start":{"line":102,"column":33},"end":{"line":109,"column":1}},"73":{"start":{"line":103,"column":14},"end":{"line":103,"column":50}},"74":{"start":{"line":104,"column":17},"end":{"line":104,"column":46}},"75":{"start":{"line":106,"column":2},"end":{"line":106,"column":89}},"76":{"start":{"line":108,"column":2},"end":{"line":108,"column":39}},"77":{"start":{"line":102,"column":13},"end":{"line":102,"column":33}},"78":{"start":{"line":111,"column":16},"end":{"line":111,"column":167}},"79":{"start":{"line":112,"column":20},"end":{"line":112,"column":30}},"80":{"start":{"line":113,"column":23},"end":{"line":118,"column":63}},"81":{"start":{"line":114,"column":2},"end":{"line":118,"column":63}},"82":{"start":{"line":118,"column":28},"end":{"line":118,"column":62}},"83":{"start":{"line":113,"column":13},"end":{"line":113,"column":23}},"84":{"start":{"line":122,"column":17},"end":{"line":162,"column":null}},"85":{"start":{"line":164,"column":21},"end":{"line":165,"column":99}},"86":{"start":{"line":165,"column":2},"end":{"line":165,"column":99}},"87":{"start":{"line":164,"column":13},"end":{"line":164,"column":21}},"88":{"start":{"line":169,"column":2},"end":{"line":171,"column":null}},"89":{"start":{"line":170,"column":4},"end":{"line":170,"column":16}},"90":{"start":{"line":175,"column":2},"end":{"line":175,"column":92}},"91":{"start":{"line":176,"column":2},"end":{"line":176,"column":86}},"92":{"start":{"line":179,"column":2},"end":{"line":179,"column":52}},"93":{"start":{"line":180,"column":2},"end":{"line":183,"column":4}},"94":{"start":{"line":185,"column":2},"end":{"line":185,"column":22}},"95":{"start":{"line":167,"column":0},"end":{"line":167,"column":16}}},"fnMap":{"0":{"name":"(anonymous_0)","decl":{"start":{"line":3,"column":24},"end":{"line":3,"column":25}},"loc":{"start":{"line":3,"column":82},"end":{"line":15,"column":1}}},"1":{"name":"(anonymous_1)","decl":{"start":{"line":17,"column":33},"end":{"line":17,"column":36}},"loc":{"start":{"line":17,"column":39},"end":{"line":20,"column":1}}},"2":{"name":"(anonymous_2)","decl":{"start":{"line":22,"column":35},"end":{"line":22,"column":40}},"loc":{"start":{"line":22,"column":43},"end":{"line":25,"column":1}}},"3":{"name":"(anonymous_3)","decl":{"start":{"line":27,"column":33},"end":{"line":27,"column":37}},"loc":{"start":{"line":27,"column":40},"end":{"line":31,"column":1}}},"4":{"name":"(anonymous_4)","decl":{"start":{"line":35,"column":37},"end":{"line":35,"column":40}},"loc":{"start":{"line":35,"column":43},"end":{"line":40,"column":1}}},"5":{"name":"(anonymous_5)","decl":{"start":{"line":39,"column":45},"end":{"line":39,"column":46}},"loc":{"start":{"line":39,"column":50},"end":{"line":39,"column":65}}},"6":{"name":"(anonymous_6)","decl":{"start":{"line":42,"column":30},"end":{"line":42,"column":33}},"loc":{"start":{"line":42,"column":36},"end":{"line":47,"column":1}}},"7":{"name":"(anonymous_7)","decl":{"start":{"line":49,"column":27},"end":{"line":49,"column":30}},"loc":{"start":{"line":49,"column":33},"end":{"line":54,"column":1}}},"8":{"name":"(anonymous_8)","decl":{"start":{"line":56,"column":22},"end":{"line":56,"column":25}},"loc":{"start":{"line":56,"column":28},"end":{"line":59,"column":1}}},"9":{"name":"(anonymous_9)","decl":{"start":{"line":61,"column":28},"end":{"line":61,"column":31}},"loc":{"start":{"line":61,"column":34},"end":{"line":65,"column":1}}},"10":{"name":"(anonymous_10)","decl":{"start":{"line":67,"column":28},"end":{"line":67,"column":32}},"loc":{"start":{"line":67,"column":35},"end":{"line":71,"column":1}}},"11":{"name":"(anonymous_11)","decl":{"start":{"line":73,"column":30},"end":{"line":73,"column":36}},"loc":{"start":{"line":74,"column":2},"end":{"line":74,"column":67}}},"12":{"name":"(anonymous_12)","decl":{"start":{"line":76,"column":32},"end":{"line":76,"column":33}},"loc":{"start":{"line":76,"column":49},"end":{"line":94,"column":1}}},"13":{"name":"(anonymous_13)","decl":{"start":{"line":87,"column":34},"end":{"line":87,"column":35}},"loc":{"start":{"line":87,"column":55},"end":{"line":93,"column":3}}},"14":{"name":"(anonymous_14)","decl":{"start":{"line":96,"column":37},"end":{"line":96,"column":43}},"loc":{"start":{"line":96,"column":46},"end":{"line":100,"column":1}}},"15":{"name":"(anonymous_15)","decl":{"start":{"line":102,"column":33},"end":{"line":102,"column":37}},"loc":{"start":{"line":102,"column":40},"end":{"line":109,"column":1}}},"16":{"name":"(anonymous_16)","decl":{"start":{"line":113,"column":23},"end":{"line":113,"column":28}},"loc":{"start":{"line":114,"column":2},"end":{"line":118,"column":63}}},"17":{"name":"(anonymous_17)","decl":{"start":{"line":118,"column":20},"end":{"line":118,"column":24}},"loc":{"start":{"line":118,"column":28},"end":{"line":118,"column":62}}},"18":{"name":"(anonymous_18)","decl":{"start":{"line":164,"column":21},"end":{"line":164,"column":27}},"loc":{"start":{"line":165,"column":2},"end":{"line":165,"column":99}}},"19":{"name":"linkify","decl":{"start":{"line":167,"column":16},"end":{"line":167,"column":23}},"loc":{"start":{"line":167,"column":42},"end":{"line":186,"column":1}}}},"branchMap":{"0":{"loc":{"start":{"line":3,"column":41},"end":{"line":3,"column":78}},"type":"default-arg","locations":[{"start":{"line":3,"column":76},"end":{"line":3,"column":78}}]},"1":{"loc":{"start":{"line":3,"column":43},"end":{"line":3,"column":55}},"type":"default-arg","locations":[{"start":{"line":3,"column":50},"end":{"line":3,"column":55}}]},"2":{"loc":{"start":{"line":3,"column":57},"end":{"line":3,"column":71}},"type":"default-arg","locations":[{"start":{"line":3,"column":66},"end":{"line":3,"column":71}}]},"3":{"loc":{"start":{"line":4,"column":2},"end":{"line":13,"column":null}},"type":"if","locations":[{"start":{"line":4,"column":2},"end":{"line":13,"column":null}}]},"4":{"loc":{"start":{"line":4,"column":6},"end":{"line":4,"column":35}},"type":"binary-expr","locations":[{"start":{"line":4,"column":6},"end":{"line":4,"column":9}},{"start":{"line":4,"column":13},"end":{"line":4,"column":35}}]},"5":{"loc":{"start":{"line":6,"column":4},"end":{"line":12,"column":null}},"type":"switch","locations":[{"start":{"line":7,"column":6},"end":{"line":8,"column":43}},{"start":{"line":9,"column":6},"end":{"line":9,"column":17}},{"start":{"line":10,"column":6},"end":{"line":11,"column":45}}]},"6":{"loc":{"start":{"line":30,"column":9},"end":{"line":30,"column":37}},"type":"cond-expr","locations":[{"start":{"line":30,"column":27},"end":{"line":30,"column":31}},{"start":{"line":30,"column":34},"end":{"line":30,"column":37}}]},"7":{"loc":{"start":{"line":36,"column":2},"end":{"line":38,"column":null}},"type":"if","locations":[{"start":{"line":36,"column":2},"end":{"line":38,"column":null}}]},"8":{"loc":{"start":{"line":36,"column":6},"end":{"line":36,"column":37}},"type":"binary-expr","locations":[{"start":{"line":36,"column":6},"end":{"line":36,"column":10}},{"start":{"line":36,"column":14},"end":{"line":36,"column":37}}]},"9":{"loc":{"start":{"line":43,"column":2},"end":{"line":45,"column":null}},"type":"if","locations":[{"start":{"line":43,"column":2},"end":{"line":45,"column":null}}]},"10":{"loc":{"start":{"line":43,"column":6},"end":{"line":43,"column":37}},"type":"binary-expr","locations":[{"start":{"line":43,"column":6},"end":{"line":43,"column":10}},{"start":{"line":43,"column":14},"end":{"line":43,"column":37}}]},"11":{"loc":{"start":{"line":50,"column":2},"end":{"line":52,"column":null}},"type":"if","locations":[{"start":{"line":50,"column":2},"end":{"line":52,"column":null}}]},"12":{"loc":{"start":{"line":50,"column":6},"end":{"line":50,"column":37}},"type":"binary-expr","locations":[{"start":{"line":50,"column":6},"end":{"line":50,"column":10}},{"start":{"line":50,"column":14},"end":{"line":50,"column":37}}]},"13":{"loc":{"start":{"line":79,"column":2},"end":{"line":81,"column":null}},"type":"if","locations":[{"start":{"line":79,"column":2},"end":{"line":81,"column":null}}]},"14":{"loc":{"start":{"line":83,"column":2},"end":{"line":85,"column":null}},"type":"if","locations":[{"start":{"line":83,"column":2},"end":{"line":85,"column":null}}]},"15":{"loc":{"start":{"line":88,"column":4},"end":{"line":90,"column":null}},"type":"if","locations":[{"start":{"line":88,"column":4},"end":{"line":90,"column":null}}]},"16":{"loc":{"start":{"line":92,"column":23},"end":{"line":92,"column":49}},"type":"binary-expr","locations":[{"start":{"line":92,"column":23},"end":{"line":92,"column":38}},{"start":{"line":92,"column":42},"end":{"line":92,"column":49}}]},"17":{"loc":{"start":{"line":99,"column":19},"end":{"line":99,"column":72}},"type":"binary-expr","locations":[{"start":{"line":99,"column":19},"end":{"line":99,"column":42}},{"start":{"line":99,"column":46},"end":{"line":99,"column":57}},{"start":{"line":99,"column":61},"end":{"line":99,"column":72}}]},"18":{"loc":{"start":{"line":104,"column":17},"end":{"line":104,"column":46}},"type":"binary-expr","locations":[{"start":{"line":104,"column":17},"end":{"line":104,"column":40}},{"start":{"line":104,"column":44},"end":{"line":104,"column":46}}]},"19":{"loc":{"start":{"line":106,"column":15},"end":{"line":106,"column":42}},"type":"binary-expr","locations":[{"start":{"line":106,"column":15},"end":{"line":106,"column":36}},{"start":{"line":106,"column":40},"end":{"line":106,"column":42}}]},"20":{"loc":{"start":{"line":106,"column":15},"end":{"line":106,"column":36}},"type":"cond-expr","locations":[{"start":{"line":106,"column":31},"end":{"line":106,"column":34}},{"start":{"line":106,"column":31},"end":{"line":106,"column":36}}]},"21":{"loc":{"start":{"line":106,"column":15},"end":{"line":106,"column":34}},"type":"binary-expr","locations":[{"start":{"line":106,"column":15},"end":{"line":106,"column":34}},{"start":{"line":106,"column":31},"end":{"line":106,"column":34}}]},"22":{"loc":{"start":{"line":106,"column":47},"end":{"line":106,"column":72}},"type":"binary-expr","locations":[{"start":{"line":106,"column":47},"end":{"line":106,"column":66}},{"start":{"line":106,"column":70},"end":{"line":106,"column":72}}]},"23":{"loc":{"start":{"line":106,"column":47},"end":{"line":106,"column":66}},"type":"cond-expr","locations":[{"start":{"line":106,"column":61},"end":{"line":106,"column":64}},{"start":{"line":106,"column":61},"end":{"line":106,"column":66}}]},"24":{"loc":{"start":{"line":106,"column":47},"end":{"line":106,"column":64}},"type":"binary-expr","locations":[{"start":{"line":106,"column":47},"end":{"line":106,"column":64}},{"start":{"line":106,"column":61},"end":{"line":106,"column":64}}]},"25":{"loc":{"start":{"line":108,"column":16},"end":{"line":108,"column":37}},"type":"cond-expr","locations":[{"start":{"line":108,"column":24},"end":{"line":108,"column":26}},{"start":{"line":108,"column":16},"end":{"line":108,"column":37}}]},"26":{"loc":{"start":{"line":108,"column":16},"end":{"line":108,"column":26}},"type":"binary-expr","locations":[{"start":{"line":108,"column":16},"end":{"line":108,"column":26}},{"start":{"line":108,"column":16},"end":{"line":108,"column":26}}]},"27":{"loc":{"start":{"line":114,"column":2},"end":{"line":118,"column":63}},"type":"binary-expr","locations":[{"start":{"line":114,"column":2},"end":{"line":114,"column":21}},{"start":{"line":115,"column":2},"end":{"line":115,"column":16}},{"start":{"line":116,"column":2},"end":{"line":116,"column":14}},{"start":{"line":117,"column":2},"end":{"line":117,"column":43}},{"start":{"line":118,"column":2},"end":{"line":118,"column":63}}]},"28":{"loc":{"start":{"line":165,"column":2},"end":{"line":165,"column":99}},"type":"binary-expr","locations":[{"start":{"line":165,"column":2},"end":{"line":165,"column":22}},{"start":{"line":165,"column":26},"end":{"line":165,"column":41}},{"start":{"line":165,"column":45},"end":{"line":165,"column":71}},{"start":{"line":165,"column":75},"end":{"line":165,"column":99}}]},"29":{"loc":{"start":{"line":167,"column":30},"end":{"line":167,"column":42}},"type":"default-arg","locations":[{"start":{"line":167,"column":40},"end":{"line":167,"column":42}}]},"30":{"loc":{"start":{"line":169,"column":2},"end":{"line":171,"column":null}},"type":"if","locations":[{"start":{"line":169,"column":2},"end":{"line":171,"column":null}}]},"31":{"loc":{"start":{"line":169,"column":6},"end":{"line":169,"column":60}},"type":"binary-expr","locations":[{"start":{"line":169,"column":6},"end":{"line":169,"column":11}},{"start":{"line":169,"column":15},"end":{"line":169,"column":39}},{"start":{"line":169,"column":43},"end":{"line":169,"column":60}}]}},"s":{"0":1,"1":1,"2":0,"3":0,"4":0,"5":0,"6":0,"7":0,"8":1,"9":1,"10":0,"11":0,"12":1,"13":1,"14":0,"15":0,"16":1,"17":1,"18":0,"19":0,"20":0,"21":1,"22":1,"23":1,"24":0,"25":0,"26":0,"27":0,"28":1,"29":1,"30":0,"31":0,"32":0,"33":1,"34":1,"35":0,"36":0,"37":0,"38":1,"39":1,"40":4,"41":4,"42":1,"43":1,"44":0,"45":0,"46":0,"47":1,"48":1,"49":1,"50":1,"51":1,"52":1,"53":1,"54":0,"55":1,"56":1,"57":0,"58":0,"59":0,"60":0,"61":0,"62":0,"63":0,"64":0,"65":0,"66":1,"67":1,"68":0,"69":0,"70":0,"71":1,"72":1,"73":0,"74":0,"75":0,"76":0,"77":1,"78":1,"79":1,"80":1,"81":0,"82":0,"83":1,"84":1,"85":1,"86":0,"87":1,"88":0,"89":0,"90":0,"91":0,"92":0,"93":0,"94":0,"95":1},"f":{"0":0,"1":0,"2":0,"3":0,"4":0,"5":0,"6":0,"7":0,"8":4,"9":0,"10":1,"11":0,"12":0,"13":0,"14":0,"15":0,"16":0,"17":0,"18":0,"19":0},"b":{"0":[0],"1":[0],"2":[0],"3":[0],"4":[0,0],"5":[0,0,0],"6":[0,0],"7":[0],"8":[0,0],"9":[0],"10":[0,0],"11":[0],"12":[0,0],"13":[0],"14":[0],"15":[0],"16":[0,0],"17":[0,0,0],"18":[0,0],"19":[0,0],"20":[0,0],"21":[0,0],"22":[0,0],"23":[0,0],"24":[0,0],"25":[0,0],"26":[0,0],"27":[0,0,0,0,0],"28":[0,0,0,0],"29":[0],"30":[0],"31":[0,0,0]}}
}
