TN:
SF:packages/utils/src/email.utils.ts
FN:22,(anonymous_0)
FN:29,(anonymous_1)
FN:37,(anonymous_2)
FN:46,(anonymous_3)
FN:58,(anonymous_4)
FN:70,parseEmailPixels
FN:73,(anonymous_6)
FN:78,(anonymous_7)
FN:100,(anonymous_8)
FNF:9
FNH:7
FNDA:12,(anonymous_0)
FNDA:200048,(anonymous_1)
FNDA:200048,(anonymous_2)
FNDA:4,(anonymous_3)
FNDA:0,(anonymous_4)
FNDA:6,parseEmailPixels
FNDA:20,(anonymous_6)
FNDA:0,(anonymous_7)
FNDA:1,(anonymous_8)
DA:1,1
DA:3,1
DA:5,1
DA:7,1
DA:9,1
DA:11,1
DA:22,1
DA:23,12
DA:24,12
DA:26,12
DA:28,11
DA:29,11
DA:30,200048
DA:31,0
DA:32,200048
DA:33,0
DA:37,11
DA:38,200048
DA:39,200048
DA:43,11
DA:46,1
DA:47,4
DA:48,4
DA:51,4
DA:58,1
DA:59,0
DA:60,0
DA:63,1
DA:70,1
DA:71,6
DA:72,6
DA:73,20
DA:75,6
DA:78,1
DA:79,0
DA:80,0
DA:82,0
DA:83,0
DA:87,0
DA:88,0
DA:92,0
DA:95,1
DA:100,1
DA:101,1
DA:102,1
DA:103,1
LF:46
LH:35
BRDA:29,0,0,2
BRDA:29,0,1,9
BRDA:29,1,0,11
BRDA:29,1,1,9
BRDA:30,2,0,0
BRDA:30,2,1,200048
BRDA:32,3,0,0
BRDA:32,4,0,200048
BRDA:32,4,1,0
BRDA:37,5,0,2
BRDA:37,5,1,9
BRDA:37,6,0,11
BRDA:37,6,1,9
BRDA:38,7,0,200048
BRDA:46,8,0,3
BRDA:47,9,0,1
BRDA:47,9,1,3
BRDA:48,10,0,3
BRDA:48,10,1,1
BRDA:49,11,0,0
BRDA:49,11,1,3
BRDA:49,12,0,3
BRDA:49,12,1,3
BRDA:51,13,0,0
BRDA:51,13,1,4
BRDA:51,14,0,4
BRDA:51,14,1,4
BRDA:51,15,0,0
BRDA:51,15,1,4
BRDA:51,16,0,4
BRDA:51,16,1,4
BRDA:51,17,0,0
BRDA:51,17,1,4
BRDA:51,18,0,4
BRDA:51,18,1,4
BRDA:58,19,0,0
BRDA:72,20,0,5
BRDA:79,21,0,0
BRDA:79,21,1,0
BRDA:80,22,0,0
BRDA:80,22,1,0
BRDA:82,23,0,0
BRDA:84,24,0,0
BRDA:84,24,1,0
BRDA:87,25,0,0
BRDA:89,26,0,0
BRDA:89,26,1,0
BRDA:92,27,0,0
BRDA:92,27,1,0
BRDA:100,28,0,1
BRDA:100,28,1,1
BRF:51
BRH:31
end_of_record
TN:
SF:packages/utils/src/strings.utils.ts
FN:3,(anonymous_0)
FN:17,(anonymous_1)
FN:22,(anonymous_2)
FN:27,(anonymous_3)
FN:35,(anonymous_4)
FN:39,(anonymous_5)
FN:42,(anonymous_6)
FN:49,(anonymous_7)
FN:56,(anonymous_8)
FN:61,(anonymous_9)
FN:67,(anonymous_10)
FN:73,(anonymous_11)
FN:76,(anonymous_12)
FN:87,(anonymous_13)
FN:96,(anonymous_14)
FN:102,(anonymous_15)
FN:113,(anonymous_16)
FN:118,(anonymous_17)
FN:164,(anonymous_18)
FN:167,linkify
FNF:20
FNH:2
FNDA:0,(anonymous_0)
FNDA:0,(anonymous_1)
FNDA:0,(anonymous_2)
FNDA:0,(anonymous_3)
FNDA:0,(anonymous_4)
FNDA:0,(anonymous_5)
FNDA:0,(anonymous_6)
FNDA:0,(anonymous_7)
FNDA:4,(anonymous_8)
FNDA:0,(anonymous_9)
FNDA:1,(anonymous_10)
FNDA:0,(anonymous_11)
FNDA:0,(anonymous_12)
FNDA:0,(anonymous_13)
FNDA:0,(anonymous_14)
FNDA:0,(anonymous_15)
FNDA:0,(anonymous_16)
FNDA:0,(anonymous_17)
FNDA:0,(anonymous_18)
FNDA:0,linkify
DA:1,1
DA:3,1
DA:4,0
DA:5,0
DA:6,0
DA:8,0
DA:11,0
DA:14,0
DA:17,1
DA:18,0
DA:19,0
DA:22,1
DA:23,0
DA:24,0
DA:27,1
DA:28,0
DA:29,0
DA:30,0
DA:33,1
DA:35,1
DA:36,0
DA:37,0
DA:39,0
DA:42,1
DA:43,0
DA:44,0
DA:46,0
DA:49,1
DA:50,0
DA:51,0
DA:53,0
DA:56,1
DA:57,4
DA:58,4
DA:61,1
DA:62,0
DA:63,0
DA:64,0
DA:67,1
DA:68,1
DA:69,1
DA:70,1
DA:73,1
DA:74,0
DA:76,1
DA:77,0
DA:79,0
DA:80,0
DA:83,0
DA:84,0
DA:87,0
DA:88,0
DA:89,0
DA:92,0
DA:96,1
DA:97,0
DA:98,0
DA:99,0
DA:102,1
DA:103,0
DA:104,0
DA:106,0
DA:108,0
DA:111,1
DA:112,1
DA:113,1
DA:114,0
DA:118,0
DA:122,1
DA:164,1
DA:165,0
DA:167,1
DA:169,0
DA:170,0
DA:175,0
DA:176,0
DA:179,0
DA:180,0
DA:185,0
LF:79
LH:27
BRDA:3,0,0,0
BRDA:3,1,0,0
BRDA:3,2,0,0
BRDA:4,3,0,0
BRDA:4,4,0,0
BRDA:4,4,1,0
BRDA:6,5,0,0
BRDA:6,5,1,0
BRDA:6,5,2,0
BRDA:30,6,0,0
BRDA:30,6,1,0
BRDA:36,7,0,0
BRDA:36,8,0,0
BRDA:36,8,1,0
BRDA:43,9,0,0
BRDA:43,10,0,0
BRDA:43,10,1,0
BRDA:50,11,0,0
BRDA:50,12,0,0
BRDA:50,12,1,0
BRDA:79,13,0,0
BRDA:83,14,0,0
BRDA:88,15,0,0
BRDA:92,16,0,0
BRDA:92,16,1,0
BRDA:99,17,0,0
BRDA:99,17,1,0
BRDA:99,17,2,0
BRDA:104,18,0,0
BRDA:104,18,1,0
BRDA:106,19,0,0
BRDA:106,19,1,0
BRDA:106,20,0,0
BRDA:106,20,1,0
BRDA:106,21,0,0
BRDA:106,21,1,0
BRDA:106,22,0,0
BRDA:106,22,1,0
BRDA:106,23,0,0
BRDA:106,23,1,0
BRDA:106,24,0,0
BRDA:106,24,1,0
BRDA:108,25,0,0
BRDA:108,25,1,0
BRDA:108,26,0,0
BRDA:108,26,1,0
BRDA:114,27,0,0
BRDA:114,27,1,0
BRDA:114,27,2,0
BRDA:114,27,3,0
BRDA:114,27,4,0
BRDA:165,28,0,0
BRDA:165,28,1,0
BRDA:165,28,2,0
BRDA:165,28,3,0
BRDA:167,29,0,0
BRDA:169,30,0,0
BRDA:169,31,0,0
BRDA:169,31,1,0
BRDA:169,31,2,0
BRF:60
BRH:0
end_of_record
